<?xml version="1.0" encoding="UTF-8"?>
<!-- Generated by org.testng.reporters.JUnitReportReporter -->
<testsuite hostname="DESKTOP-B4EGA60" failures="0" tests="1" name="LoginByParameters.LoginFunctionality" time="1.270" errors="0" timestamp="2025-06-28T17:18:30 IST" skipped="0">
  <testcase classname="LoginByParameters.LoginFunctionality" name="login" time="1.270"/>
</testsuite> <!-- LoginByParameters.LoginFunctionality -->
