<?xml version="1.0" encoding="UTF-8"?>
<!-- Generated by org.testng.reporters.JUnitReportReporter -->
<testsuite hostname="DESKTOP-B4EGA60" failures="0" tests="3" name="LoginByDataProviders.saucedemo" time="14.205" errors="0" timestamp="2025-06-28T19:02:37 IST" skipped="0">
  <testcase classname="LoginByDataProviders.saucedemo" name="login" time="1.653"/>
  <testcase classname="LoginByDataProviders.saucedemo" name="login" time="3.860"/>
  <testcase classname="LoginByDataProviders.saucedemo" name="login" time="8.692"/>
</testsuite> <!-- LoginByDataProviders.saucedemo -->
